Vivado Simulator 2020.2
Copyright 1986-1999, 2001-2020 Xilinx, Inc. All Rights Reserved.
Running: C:/Xilinx/Vivado/2020.2/bin/unwrapped/win64.o/xelab.exe -wto 5c5fbb0af09f4ce4b4736ba5212692bc --incr --debug typical --relax --mt 2 -L xil_defaultlib -L unisims_ver -L unimacro_ver -L secureip --snapshot testbench_behav xil_defaultlib.testbench xil_defaultlib.glbl -log elaborate.log 
Using 2 slave threads.
Starting static elaboration
Pass Through NonSizing Optimizer
WARNING: [VRFC 10-3091] actual bit length 32 differs from formal bit length 1 for port 'cin' [C:/Users/T480/Desktop/Lab1/Lab1.srcs/sources_1/new/and_32.v:47]
WARNING: [VRFC 10-3091] actual bit length 32 differs from formal bit length 1 for port 'cin' [C:/Users/T480/Desktop/Lab1/Lab1.srcs/sources_1/new/and_32.v:59]
WARNING: [VRFC 10-3091] actual bit length 32 differs from formal bit length 1 for port 'cin' [C:/Users/T480/Desktop/Lab1/Lab1.srcs/sources_1/new/and_32.v:71]
WARNING: [VRFC 10-3091] actual bit length 32 differs from formal bit length 1 for port 'cin' [C:/Users/T480/Desktop/Lab1/Lab1.srcs/sources_1/new/and_32.v:83]
WARNING: [VRFC 10-3091] actual bit length 32 differs from formal bit length 1 for port 'cin' [C:/Users/T480/Desktop/Lab1/Lab1.srcs/sources_1/new/and_32.v:95]
WARNING: [VRFC 10-3091] actual bit length 32 differs from formal bit length 1 for port 'cin' [C:/Users/T480/Desktop/Lab1/Lab1.srcs/sources_1/new/and_32.v:107]
WARNING: [VRFC 10-3091] actual bit length 32 differs from formal bit length 1 for port 'cin' [C:/Users/T480/Desktop/Lab1/Lab1.srcs/sources_1/new/and_32.v:119]
WARNING: [VRFC 10-3091] actual bit length 32 differs from formal bit length 1 for port 'A_invert' [C:/Users/T480/Desktop/Lab1/Lab1.srcs/sources_1/new/and_32.v:129]
WARNING: [VRFC 10-3091] actual bit length 32 differs from formal bit length 1 for port 'cin' [C:/Users/T480/Desktop/Lab1/Lab1.srcs/sources_1/new/and_32.v:131]
WARNING: [VRFC 10-3091] actual bit length 32 differs from formal bit length 1 for port 'less' [C:/Users/T480/Desktop/Lab1/Lab1.srcs/sources_1/new/or_32.v:43]
WARNING: [VRFC 10-3091] actual bit length 32 differs from formal bit length 1 for port 'A_invert' [C:/Users/T480/Desktop/Lab1/Lab1.srcs/sources_1/new/or_32.v:44]
WARNING: [VRFC 10-3091] actual bit length 32 differs from formal bit length 1 for port 'B_invert' [C:/Users/T480/Desktop/Lab1/Lab1.srcs/sources_1/new/or_32.v:45]
WARNING: [VRFC 10-3091] actual bit length 32 differs from formal bit length 1 for port 'cin' [C:/Users/T480/Desktop/Lab1/Lab1.srcs/sources_1/new/or_32.v:46]
WARNING: [VRFC 10-3091] actual bit length 32 differs from formal bit length 1 for port 'less' [C:/Users/T480/Desktop/Lab1/Lab1.srcs/sources_1/new/or_32.v:55]
WARNING: [VRFC 10-3091] actual bit length 32 differs from formal bit length 1 for port 'A_invert' [C:/Users/T480/Desktop/Lab1/Lab1.srcs/sources_1/new/or_32.v:56]
WARNING: [VRFC 10-3091] actual bit length 32 differs from formal bit length 1 for port 'B_invert' [C:/Users/T480/Desktop/Lab1/Lab1.srcs/sources_1/new/or_32.v:57]
WARNING: [VRFC 10-3091] actual bit length 32 differs from formal bit length 1 for port 'cin' [C:/Users/T480/Desktop/Lab1/Lab1.srcs/sources_1/new/or_32.v:58]
WARNING: [VRFC 10-3091] actual bit length 32 differs from formal bit length 1 for port 'less' [C:/Users/T480/Desktop/Lab1/Lab1.srcs/sources_1/new/or_32.v:67]
WARNING: [VRFC 10-3091] actual bit length 32 differs from formal bit length 1 for port 'A_invert' [C:/Users/T480/Desktop/Lab1/Lab1.srcs/sources_1/new/or_32.v:68]
WARNING: [VRFC 10-3091] actual bit length 32 differs from formal bit length 1 for port 'B_invert' [C:/Users/T480/Desktop/Lab1/Lab1.srcs/sources_1/new/or_32.v:69]
WARNING: [VRFC 10-3091] actual bit length 32 differs from formal bit length 1 for port 'cin' [C:/Users/T480/Desktop/Lab1/Lab1.srcs/sources_1/new/or_32.v:70]
WARNING: [VRFC 10-3091] actual bit length 32 differs from formal bit length 1 for port 'less' [C:/Users/T480/Desktop/Lab1/Lab1.srcs/sources_1/new/or_32.v:79]
WARNING: [VRFC 10-3091] actual bit length 32 differs from formal bit length 1 for port 'A_invert' [C:/Users/T480/Desktop/Lab1/Lab1.srcs/sources_1/new/or_32.v:80]
WARNING: [VRFC 10-3091] actual bit length 32 differs from formal bit length 1 for port 'B_invert' [C:/Users/T480/Desktop/Lab1/Lab1.srcs/sources_1/new/or_32.v:81]
WARNING: [VRFC 10-3091] actual bit length 32 differs from formal bit length 1 for port 'cin' [C:/Users/T480/Desktop/Lab1/Lab1.srcs/sources_1/new/or_32.v:82]
WARNING: [VRFC 10-3091] actual bit length 32 differs from formal bit length 1 for port 'less' [C:/Users/T480/Desktop/Lab1/Lab1.srcs/sources_1/new/or_32.v:91]
WARNING: [VRFC 10-3091] actual bit length 32 differs from formal bit length 1 for port 'A_invert' [C:/Users/T480/Desktop/Lab1/Lab1.srcs/sources_1/new/or_32.v:92]
WARNING: [VRFC 10-3091] actual bit length 32 differs from formal bit length 1 for port 'B_invert' [C:/Users/T480/Desktop/Lab1/Lab1.srcs/sources_1/new/or_32.v:93]
WARNING: [VRFC 10-3091] actual bit length 32 differs from formal bit length 1 for port 'cin' [C:/Users/T480/Desktop/Lab1/Lab1.srcs/sources_1/new/or_32.v:94]
WARNING: [VRFC 10-3091] actual bit length 32 differs from formal bit length 1 for port 'less' [C:/Users/T480/Desktop/Lab1/Lab1.srcs/sources_1/new/or_32.v:103]
WARNING: [VRFC 10-3091] actual bit length 32 differs from formal bit length 1 for port 'A_invert' [C:/Users/T480/Desktop/Lab1/Lab1.srcs/sources_1/new/or_32.v:104]
WARNING: [VRFC 10-3091] actual bit length 32 differs from formal bit length 1 for port 'B_invert' [C:/Users/T480/Desktop/Lab1/Lab1.srcs/sources_1/new/or_32.v:105]
WARNING: [VRFC 10-3091] actual bit length 32 differs from formal bit length 1 for port 'cin' [C:/Users/T480/Desktop/Lab1/Lab1.srcs/sources_1/new/or_32.v:106]
WARNING: [VRFC 10-3091] actual bit length 32 differs from formal bit length 1 for port 'less' [C:/Users/T480/Desktop/Lab1/Lab1.srcs/sources_1/new/or_32.v:115]
WARNING: [VRFC 10-3091] actual bit length 32 differs from formal bit length 1 for port 'A_invert' [C:/Users/T480/Desktop/Lab1/Lab1.srcs/sources_1/new/or_32.v:116]
WARNING: [VRFC 10-3091] actual bit length 32 differs from formal bit length 1 for port 'B_invert' [C:/Users/T480/Desktop/Lab1/Lab1.srcs/sources_1/new/or_32.v:117]
WARNING: [VRFC 10-3091] actual bit length 32 differs from formal bit length 1 for port 'cin' [C:/Users/T480/Desktop/Lab1/Lab1.srcs/sources_1/new/or_32.v:118]
WARNING: [VRFC 10-3091] actual bit length 32 differs from formal bit length 1 for port 'less' [C:/Users/T480/Desktop/Lab1/Lab1.srcs/sources_1/new/or_32.v:127]
WARNING: [VRFC 10-3091] actual bit length 32 differs from formal bit length 1 for port 'A_invert' [C:/Users/T480/Desktop/Lab1/Lab1.srcs/sources_1/new/or_32.v:128]
WARNING: [VRFC 10-3091] actual bit length 32 differs from formal bit length 1 for port 'B_invert' [C:/Users/T480/Desktop/Lab1/Lab1.srcs/sources_1/new/or_32.v:129]
WARNING: [VRFC 10-3091] actual bit length 32 differs from formal bit length 1 for port 'cin' [C:/Users/T480/Desktop/Lab1/Lab1.srcs/sources_1/new/or_32.v:130]
WARNING: [VRFC 10-3091] actual bit length 32 differs from formal bit length 1 for port 'less' [C:/Users/T480/Desktop/Lab1/Lab1.srcs/sources_1/new/add_32.v:42]
WARNING: [VRFC 10-3091] actual bit length 32 differs from formal bit length 1 for port 'A_invert' [C:/Users/T480/Desktop/Lab1/Lab1.srcs/sources_1/new/add_32.v:43]
WARNING: [VRFC 10-3091] actual bit length 32 differs from formal bit length 1 for port 'B_invert' [C:/Users/T480/Desktop/Lab1/Lab1.srcs/sources_1/new/add_32.v:44]
WARNING: [VRFC 10-3091] actual bit length 32 differs from formal bit length 1 for port 'cin' [C:/Users/T480/Desktop/Lab1/Lab1.srcs/sources_1/new/add_32.v:45]
WARNING: [VRFC 10-3091] actual bit length 32 differs from formal bit length 1 for port 'less' [C:/Users/T480/Desktop/Lab1/Lab1.srcs/sources_1/new/add_32.v:55]
WARNING: [VRFC 10-3091] actual bit length 32 differs from formal bit length 1 for port 'A_invert' [C:/Users/T480/Desktop/Lab1/Lab1.srcs/sources_1/new/add_32.v:56]
WARNING: [VRFC 10-3091] actual bit length 32 differs from formal bit length 1 for port 'B_invert' [C:/Users/T480/Desktop/Lab1/Lab1.srcs/sources_1/new/add_32.v:57]
WARNING: [VRFC 10-3091] actual bit length 32 differs from formal bit length 1 for port 'less' [C:/Users/T480/Desktop/Lab1/Lab1.srcs/sources_1/new/add_32.v:68]
WARNING: [VRFC 10-3091] actual bit length 32 differs from formal bit length 1 for port 'A_invert' [C:/Users/T480/Desktop/Lab1/Lab1.srcs/sources_1/new/add_32.v:69]
WARNING: [VRFC 10-3091] actual bit length 32 differs from formal bit length 1 for port 'B_invert' [C:/Users/T480/Desktop/Lab1/Lab1.srcs/sources_1/new/add_32.v:70]
WARNING: [VRFC 10-3091] actual bit length 32 differs from formal bit length 1 for port 'less' [C:/Users/T480/Desktop/Lab1/Lab1.srcs/sources_1/new/add_32.v:81]
WARNING: [VRFC 10-3091] actual bit length 32 differs from formal bit length 1 for port 'A_invert' [C:/Users/T480/Desktop/Lab1/Lab1.srcs/sources_1/new/add_32.v:82]
WARNING: [VRFC 10-3091] actual bit length 32 differs from formal bit length 1 for port 'B_invert' [C:/Users/T480/Desktop/Lab1/Lab1.srcs/sources_1/new/add_32.v:83]
WARNING: [VRFC 10-3091] actual bit length 32 differs from formal bit length 1 for port 'less' [C:/Users/T480/Desktop/Lab1/Lab1.srcs/sources_1/new/add_32.v:94]
WARNING: [VRFC 10-3091] actual bit length 32 differs from formal bit length 1 for port 'A_invert' [C:/Users/T480/Desktop/Lab1/Lab1.srcs/sources_1/new/add_32.v:95]
WARNING: [VRFC 10-3091] actual bit length 32 differs from formal bit length 1 for port 'B_invert' [C:/Users/T480/Desktop/Lab1/Lab1.srcs/sources_1/new/add_32.v:96]
WARNING: [VRFC 10-3091] actual bit length 32 differs from formal bit length 1 for port 'less' [C:/Users/T480/Desktop/Lab1/Lab1.srcs/sources_1/new/add_32.v:107]
WARNING: [VRFC 10-3091] actual bit length 32 differs from formal bit length 1 for port 'A_invert' [C:/Users/T480/Desktop/Lab1/Lab1.srcs/sources_1/new/add_32.v:108]
WARNING: [VRFC 10-3091] actual bit length 32 differs from formal bit length 1 for port 'B_invert' [C:/Users/T480/Desktop/Lab1/Lab1.srcs/sources_1/new/add_32.v:109]
WARNING: [VRFC 10-3091] actual bit length 32 differs from formal bit length 1 for port 'less' [C:/Users/T480/Desktop/Lab1/Lab1.srcs/sources_1/new/add_32.v:120]
WARNING: [VRFC 10-3091] actual bit length 32 differs from formal bit length 1 for port 'A_invert' [C:/Users/T480/Desktop/Lab1/Lab1.srcs/sources_1/new/add_32.v:121]
WARNING: [VRFC 10-3091] actual bit length 32 differs from formal bit length 1 for port 'B_invert' [C:/Users/T480/Desktop/Lab1/Lab1.srcs/sources_1/new/add_32.v:122]
WARNING: [VRFC 10-3091] actual bit length 32 differs from formal bit length 1 for port 'less' [C:/Users/T480/Desktop/Lab1/Lab1.srcs/sources_1/new/add_32.v:133]
WARNING: [VRFC 10-3091] actual bit length 32 differs from formal bit length 1 for port 'A_invert' [C:/Users/T480/Desktop/Lab1/Lab1.srcs/sources_1/new/add_32.v:134]
WARNING: [VRFC 10-3091] actual bit length 32 differs from formal bit length 1 for port 'B_invert' [C:/Users/T480/Desktop/Lab1/Lab1.srcs/sources_1/new/add_32.v:135]
WARNING: [VRFC 10-3091] actual bit length 32 differs from formal bit length 1 for port 'less' [C:/Users/T480/Desktop/Lab1/Lab1.srcs/sources_1/new/sub_32.v:42]
WARNING: [VRFC 10-3091] actual bit length 32 differs from formal bit length 1 for port 'A_invert' [C:/Users/T480/Desktop/Lab1/Lab1.srcs/sources_1/new/sub_32.v:43]
WARNING: [VRFC 10-3091] actual bit length 32 differs from formal bit length 1 for port 'B_invert' [C:/Users/T480/Desktop/Lab1/Lab1.srcs/sources_1/new/sub_32.v:44]
WARNING: [VRFC 10-3091] actual bit length 32 differs from formal bit length 1 for port 'cin' [C:/Users/T480/Desktop/Lab1/Lab1.srcs/sources_1/new/sub_32.v:45]
WARNING: [VRFC 10-3091] actual bit length 32 differs from formal bit length 1 for port 'less' [C:/Users/T480/Desktop/Lab1/Lab1.srcs/sources_1/new/sub_32.v:54]
WARNING: [VRFC 10-3091] actual bit length 32 differs from formal bit length 1 for port 'A_invert' [C:/Users/T480/Desktop/Lab1/Lab1.srcs/sources_1/new/sub_32.v:55]
WARNING: [VRFC 10-3091] actual bit length 32 differs from formal bit length 1 for port 'B_invert' [C:/Users/T480/Desktop/Lab1/Lab1.srcs/sources_1/new/sub_32.v:56]
WARNING: [VRFC 10-3091] actual bit length 32 differs from formal bit length 1 for port 'less' [C:/Users/T480/Desktop/Lab1/Lab1.srcs/sources_1/new/sub_32.v:66]
WARNING: [VRFC 10-3091] actual bit length 32 differs from formal bit length 1 for port 'A_invert' [C:/Users/T480/Desktop/Lab1/Lab1.srcs/sources_1/new/sub_32.v:67]
WARNING: [VRFC 10-3091] actual bit length 32 differs from formal bit length 1 for port 'B_invert' [C:/Users/T480/Desktop/Lab1/Lab1.srcs/sources_1/new/sub_32.v:68]
WARNING: [VRFC 10-3091] actual bit length 32 differs from formal bit length 1 for port 'less' [C:/Users/T480/Desktop/Lab1/Lab1.srcs/sources_1/new/sub_32.v:78]
WARNING: [VRFC 10-3091] actual bit length 32 differs from formal bit length 1 for port 'A_invert' [C:/Users/T480/Desktop/Lab1/Lab1.srcs/sources_1/new/sub_32.v:79]
WARNING: [VRFC 10-3091] actual bit length 32 differs from formal bit length 1 for port 'B_invert' [C:/Users/T480/Desktop/Lab1/Lab1.srcs/sources_1/new/sub_32.v:80]
WARNING: [VRFC 10-3091] actual bit length 32 differs from formal bit length 1 for port 'less' [C:/Users/T480/Desktop/Lab1/Lab1.srcs/sources_1/new/sub_32.v:90]
WARNING: [VRFC 10-3091] actual bit length 32 differs from formal bit length 1 for port 'A_invert' [C:/Users/T480/Desktop/Lab1/Lab1.srcs/sources_1/new/sub_32.v:91]
WARNING: [VRFC 10-3091] actual bit length 32 differs from formal bit length 1 for port 'B_invert' [C:/Users/T480/Desktop/Lab1/Lab1.srcs/sources_1/new/sub_32.v:92]
WARNING: [VRFC 10-3091] actual bit length 32 differs from formal bit length 1 for port 'less' [C:/Users/T480/Desktop/Lab1/Lab1.srcs/sources_1/new/sub_32.v:102]
WARNING: [VRFC 10-3091] actual bit length 32 differs from formal bit length 1 for port 'A_invert' [C:/Users/T480/Desktop/Lab1/Lab1.srcs/sources_1/new/sub_32.v:103]
WARNING: [VRFC 10-3091] actual bit length 32 differs from formal bit length 1 for port 'B_invert' [C:/Users/T480/Desktop/Lab1/Lab1.srcs/sources_1/new/sub_32.v:104]
WARNING: [VRFC 10-3091] actual bit length 32 differs from formal bit length 1 for port 'less' [C:/Users/T480/Desktop/Lab1/Lab1.srcs/sources_1/new/sub_32.v:114]
WARNING: [VRFC 10-3091] actual bit length 32 differs from formal bit length 1 for port 'A_invert' [C:/Users/T480/Desktop/Lab1/Lab1.srcs/sources_1/new/sub_32.v:115]
WARNING: [VRFC 10-3091] actual bit length 32 differs from formal bit length 1 for port 'B_invert' [C:/Users/T480/Desktop/Lab1/Lab1.srcs/sources_1/new/sub_32.v:116]
WARNING: [VRFC 10-3091] actual bit length 32 differs from formal bit length 1 for port 'less' [C:/Users/T480/Desktop/Lab1/Lab1.srcs/sources_1/new/sub_32.v:126]
WARNING: [VRFC 10-3091] actual bit length 32 differs from formal bit length 1 for port 'A_invert' [C:/Users/T480/Desktop/Lab1/Lab1.srcs/sources_1/new/sub_32.v:127]
WARNING: [VRFC 10-3091] actual bit length 32 differs from formal bit length 1 for port 'B_invert' [C:/Users/T480/Desktop/Lab1/Lab1.srcs/sources_1/new/sub_32.v:128]
WARNING: [VRFC 10-3091] actual bit length 32 differs from formal bit length 1 for port 'less' [C:/Users/T480/Desktop/Lab1/Lab1.srcs/sources_1/new/nor_32.v:44]
WARNING: [VRFC 10-3091] actual bit length 32 differs from formal bit length 1 for port 'A_invert' [C:/Users/T480/Desktop/Lab1/Lab1.srcs/sources_1/new/nor_32.v:45]
WARNING: [VRFC 10-3091] actual bit length 32 differs from formal bit length 1 for port 'B_invert' [C:/Users/T480/Desktop/Lab1/Lab1.srcs/sources_1/new/nor_32.v:46]
WARNING: [VRFC 10-3091] actual bit length 32 differs from formal bit length 1 for port 'cin' [C:/Users/T480/Desktop/Lab1/Lab1.srcs/sources_1/new/nor_32.v:47]
WARNING: [VRFC 10-3091] actual bit length 32 differs from formal bit length 2 for port 'operation' [C:/Users/T480/Desktop/Lab1/Lab1.srcs/sources_1/new/nor_32.v:48]
WARNING: [VRFC 10-3091] actual bit length 32 differs from formal bit length 1 for port 'less' [C:/Users/T480/Desktop/Lab1/Lab1.srcs/sources_1/new/nor_32.v:56]
WARNING: [VRFC 10-3091] actual bit length 32 differs from formal bit length 1 for port 'A_invert' [C:/Users/T480/Desktop/Lab1/Lab1.srcs/sources_1/new/nor_32.v:57]
WARNING: [VRFC 10-3091] actual bit length 32 differs from formal bit length 1 for port 'B_invert' [C:/Users/T480/Desktop/Lab1/Lab1.srcs/sources_1/new/nor_32.v:58]
WARNING: [VRFC 10-3091] actual bit length 32 differs from formal bit length 1 for port 'cin' [C:/Users/T480/Desktop/Lab1/Lab1.srcs/sources_1/new/nor_32.v:59]
WARNING: [VRFC 10-3091] actual bit length 32 differs from formal bit length 2 for port 'operation' [C:/Users/T480/Desktop/Lab1/Lab1.srcs/sources_1/new/nor_32.v:60]
WARNING: [VRFC 10-3091] actual bit length 32 differs from formal bit length 1 for port 'less' [C:/Users/T480/Desktop/Lab1/Lab1.srcs/sources_1/new/nor_32.v:68]
WARNING: [VRFC 10-3091] actual bit length 32 differs from formal bit length 1 for port 'A_invert' [C:/Users/T480/Desktop/Lab1/Lab1.srcs/sources_1/new/nor_32.v:69]
WARNING: [VRFC 10-3091] actual bit length 32 differs from formal bit length 1 for port 'B_invert' [C:/Users/T480/Desktop/Lab1/Lab1.srcs/sources_1/new/nor_32.v:70]
WARNING: [VRFC 10-3091] actual bit length 32 differs from formal bit length 1 for port 'cin' [C:/Users/T480/Desktop/Lab1/Lab1.srcs/sources_1/new/nor_32.v:71]
WARNING: [VRFC 10-3091] actual bit length 32 differs from formal bit length 2 for port 'operation' [C:/Users/T480/Desktop/Lab1/Lab1.srcs/sources_1/new/nor_32.v:72]
WARNING: [VRFC 10-3091] actual bit length 32 differs from formal bit length 1 for port 'less' [C:/Users/T480/Desktop/Lab1/Lab1.srcs/sources_1/new/nor_32.v:80]
WARNING: [VRFC 10-3091] actual bit length 32 differs from formal bit length 1 for port 'A_invert' [C:/Users/T480/Desktop/Lab1/Lab1.srcs/sources_1/new/nor_32.v:81]
WARNING: [VRFC 10-3091] actual bit length 32 differs from formal bit length 1 for port 'B_invert' [C:/Users/T480/Desktop/Lab1/Lab1.srcs/sources_1/new/nor_32.v:82]
WARNING: [VRFC 10-3091] actual bit length 32 differs from formal bit length 1 for port 'cin' [C:/Users/T480/Desktop/Lab1/Lab1.srcs/sources_1/new/nor_32.v:83]
WARNING: [VRFC 10-3091] actual bit length 32 differs from formal bit length 2 for port 'operation' [C:/Users/T480/Desktop/Lab1/Lab1.srcs/sources_1/new/nor_32.v:84]
WARNING: [VRFC 10-3091] actual bit length 32 differs from formal bit length 1 for port 'less' [C:/Users/T480/Desktop/Lab1/Lab1.srcs/sources_1/new/nor_32.v:92]
WARNING: [VRFC 10-3091] actual bit length 32 differs from formal bit length 1 for port 'A_invert' [C:/Users/T480/Desktop/Lab1/Lab1.srcs/sources_1/new/nor_32.v:93]
WARNING: [VRFC 10-3091] actual bit length 32 differs from formal bit length 1 for port 'B_invert' [C:/Users/T480/Desktop/Lab1/Lab1.srcs/sources_1/new/nor_32.v:94]
WARNING: [VRFC 10-3091] actual bit length 32 differs from formal bit length 1 for port 'cin' [C:/Users/T480/Desktop/Lab1/Lab1.srcs/sources_1/new/nor_32.v:95]
WARNING: [VRFC 10-3091] actual bit length 32 differs from formal bit length 2 for port 'operation' [C:/Users/T480/Desktop/Lab1/Lab1.srcs/sources_1/new/nor_32.v:96]
WARNING: [VRFC 10-3091] actual bit length 32 differs from formal bit length 1 for port 'less' [C:/Users/T480/Desktop/Lab1/Lab1.srcs/sources_1/new/nor_32.v:104]
WARNING: [VRFC 10-3091] actual bit length 32 differs from formal bit length 1 for port 'A_invert' [C:/Users/T480/Desktop/Lab1/Lab1.srcs/sources_1/new/nor_32.v:105]
WARNING: [VRFC 10-3091] actual bit length 32 differs from formal bit length 1 for port 'B_invert' [C:/Users/T480/Desktop/Lab1/Lab1.srcs/sources_1/new/nor_32.v:106]
WARNING: [VRFC 10-3091] actual bit length 32 differs from formal bit length 1 for port 'cin' [C:/Users/T480/Desktop/Lab1/Lab1.srcs/sources_1/new/nor_32.v:107]
WARNING: [VRFC 10-3091] actual bit length 32 differs from formal bit length 2 for port 'operation' [C:/Users/T480/Desktop/Lab1/Lab1.srcs/sources_1/new/nor_32.v:108]
WARNING: [VRFC 10-3091] actual bit length 32 differs from formal bit length 1 for port 'less' [C:/Users/T480/Desktop/Lab1/Lab1.srcs/sources_1/new/nor_32.v:115]
WARNING: [VRFC 10-3091] actual bit length 32 differs from formal bit length 1 for port 'A_invert' [C:/Users/T480/Desktop/Lab1/Lab1.srcs/sources_1/new/nor_32.v:116]
WARNING: [VRFC 10-3091] actual bit length 32 differs from formal bit length 1 for port 'B_invert' [C:/Users/T480/Desktop/Lab1/Lab1.srcs/sources_1/new/nor_32.v:117]
WARNING: [VRFC 10-3091] actual bit length 32 differs from formal bit length 1 for port 'cin' [C:/Users/T480/Desktop/Lab1/Lab1.srcs/sources_1/new/nor_32.v:118]
WARNING: [VRFC 10-3091] actual bit length 32 differs from formal bit length 2 for port 'operation' [C:/Users/T480/Desktop/Lab1/Lab1.srcs/sources_1/new/nor_32.v:119]
WARNING: [VRFC 10-3091] actual bit length 32 differs from formal bit length 1 for port 'less' [C:/Users/T480/Desktop/Lab1/Lab1.srcs/sources_1/new/nor_32.v:126]
WARNING: [VRFC 10-3091] actual bit length 32 differs from formal bit length 1 for port 'A_invert' [C:/Users/T480/Desktop/Lab1/Lab1.srcs/sources_1/new/nor_32.v:127]
WARNING: [VRFC 10-3091] actual bit length 32 differs from formal bit length 1 for port 'B_invert' [C:/Users/T480/Desktop/Lab1/Lab1.srcs/sources_1/new/nor_32.v:128]
WARNING: [VRFC 10-3091] actual bit length 32 differs from formal bit length 1 for port 'cin' [C:/Users/T480/Desktop/Lab1/Lab1.srcs/sources_1/new/nor_32.v:129]
WARNING: [VRFC 10-3091] actual bit length 32 differs from formal bit length 2 for port 'operation' [C:/Users/T480/Desktop/Lab1/Lab1.srcs/sources_1/new/nor_32.v:130]
WARNING: [VRFC 10-3091] actual bit length 32 differs from formal bit length 1 for port 'A_invert' [C:/Users/T480/Desktop/Lab1/Lab1.srcs/sources_1/new/slt_32.v:45]
WARNING: [VRFC 10-3091] actual bit length 32 differs from formal bit length 1 for port 'B_invert' [C:/Users/T480/Desktop/Lab1/Lab1.srcs/sources_1/new/slt_32.v:46]
WARNING: [VRFC 10-3091] actual bit length 32 differs from formal bit length 1 for port 'cin' [C:/Users/T480/Desktop/Lab1/Lab1.srcs/sources_1/new/slt_32.v:47]
WARNING: [VRFC 10-3091] actual bit length 32 differs from formal bit length 1 for port 'less' [C:/Users/T480/Desktop/Lab1/Lab1.srcs/sources_1/new/slt_32.v:56]
WARNING: [VRFC 10-3091] actual bit length 32 differs from formal bit length 1 for port 'A_invert' [C:/Users/T480/Desktop/Lab1/Lab1.srcs/sources_1/new/slt_32.v:57]
WARNING: [VRFC 10-3091] actual bit length 32 differs from formal bit length 1 for port 'B_invert' [C:/Users/T480/Desktop/Lab1/Lab1.srcs/sources_1/new/slt_32.v:58]
WARNING: [VRFC 10-3091] actual bit length 32 differs from formal bit length 1 for port 'less' [C:/Users/T480/Desktop/Lab1/Lab1.srcs/sources_1/new/slt_32.v:68]
WARNING: [VRFC 10-3091] actual bit length 32 differs from formal bit length 1 for port 'A_invert' [C:/Users/T480/Desktop/Lab1/Lab1.srcs/sources_1/new/slt_32.v:69]
WARNING: [VRFC 10-3091] actual bit length 32 differs from formal bit length 1 for port 'B_invert' [C:/Users/T480/Desktop/Lab1/Lab1.srcs/sources_1/new/slt_32.v:70]
WARNING: [VRFC 10-3091] actual bit length 32 differs from formal bit length 1 for port 'less' [C:/Users/T480/Desktop/Lab1/Lab1.srcs/sources_1/new/slt_32.v:80]
WARNING: [VRFC 10-3091] actual bit length 32 differs from formal bit length 1 for port 'A_invert' [C:/Users/T480/Desktop/Lab1/Lab1.srcs/sources_1/new/slt_32.v:81]
WARNING: [VRFC 10-3091] actual bit length 32 differs from formal bit length 1 for port 'B_invert' [C:/Users/T480/Desktop/Lab1/Lab1.srcs/sources_1/new/slt_32.v:82]
WARNING: [VRFC 10-3091] actual bit length 32 differs from formal bit length 1 for port 'less' [C:/Users/T480/Desktop/Lab1/Lab1.srcs/sources_1/new/slt_32.v:92]
WARNING: [VRFC 10-3091] actual bit length 32 differs from formal bit length 1 for port 'A_invert' [C:/Users/T480/Desktop/Lab1/Lab1.srcs/sources_1/new/slt_32.v:93]
WARNING: [VRFC 10-3091] actual bit length 32 differs from formal bit length 1 for port 'B_invert' [C:/Users/T480/Desktop/Lab1/Lab1.srcs/sources_1/new/slt_32.v:94]
WARNING: [VRFC 10-3091] actual bit length 32 differs from formal bit length 1 for port 'less' [C:/Users/T480/Desktop/Lab1/Lab1.srcs/sources_1/new/slt_32.v:104]
WARNING: [VRFC 10-3091] actual bit length 32 differs from formal bit length 1 for port 'A_invert' [C:/Users/T480/Desktop/Lab1/Lab1.srcs/sources_1/new/slt_32.v:105]
WARNING: [VRFC 10-3091] actual bit length 32 differs from formal bit length 1 for port 'B_invert' [C:/Users/T480/Desktop/Lab1/Lab1.srcs/sources_1/new/slt_32.v:106]
WARNING: [VRFC 10-3091] actual bit length 32 differs from formal bit length 1 for port 'less' [C:/Users/T480/Desktop/Lab1/Lab1.srcs/sources_1/new/slt_32.v:116]
WARNING: [VRFC 10-3091] actual bit length 32 differs from formal bit length 1 for port 'A_invert' [C:/Users/T480/Desktop/Lab1/Lab1.srcs/sources_1/new/slt_32.v:117]
WARNING: [VRFC 10-3091] actual bit length 32 differs from formal bit length 1 for port 'B_invert' [C:/Users/T480/Desktop/Lab1/Lab1.srcs/sources_1/new/slt_32.v:118]
WARNING: [VRFC 10-3091] actual bit length 32 differs from formal bit length 1 for port 'less' [C:/Users/T480/Desktop/Lab1/Lab1.srcs/sources_1/new/slt_32.v:128]
WARNING: [VRFC 10-3091] actual bit length 32 differs from formal bit length 1 for port 'A_invert' [C:/Users/T480/Desktop/Lab1/Lab1.srcs/sources_1/new/slt_32.v:129]
WARNING: [VRFC 10-3091] actual bit length 32 differs from formal bit length 1 for port 'B_invert' [C:/Users/T480/Desktop/Lab1/Lab1.srcs/sources_1/new/slt_32.v:130]
WARNING: [VRFC 10-3091] actual bit length 32 differs from formal bit length 1 for port 'less' [C:/Users/T480/Desktop/Lab1/Lab1.srcs/sources_1/new/alu_4.v:62]
WARNING: [VRFC 10-3091] actual bit length 32 differs from formal bit length 1 for port 'less' [C:/Users/T480/Desktop/Lab1/Lab1.srcs/sources_1/new/alu_4.v:75]
WARNING: [VRFC 10-3091] actual bit length 32 differs from formal bit length 1 for port 'less' [C:/Users/T480/Desktop/Lab1/Lab1.srcs/sources_1/new/alu_4.v:88]
Completed static elaboration
INFO: [XSIM 43-4323] No Change in HDL. Linking previously generated obj files to create kernel
