#-----------------------------------------------------------
# Vivado v2020.2 (64-bit)
# SW Build 3064766 on Wed Nov 18 09:12:45 MST 2020
# IP Build 3064653 on Wed Nov 18 14:17:31 MST 2020
# Start of session at: Thu May 20 18:10:47 2021
# Process ID: 20140
# Current directory: D:/大學資料/大二/(資工)計算機組織概論/Hw/2/Lab2
# Command line: vivado.exe -gui_launcher_event rodinguilauncherevent18392 D:\大學資料\大二\(資工)計算機組織概論\Hw\2\Lab2\Lab2.xpr
# Log file: D:/大學資料/大二/(資工)計算機組織概論/Hw/2/Lab2/vivado.log
# Journal file: D:/大學資料/大二/(資工)計算機組織概論/Hw/2/Lab2\vivado.jou
#-----------------------------------------------------------
start_gui
open_project D:/大學資料/大二/(資工)計算機組織概論/Hw/2/Lab2/Lab2.xpr
INFO: [Project 1-313] Project file moved from 'C:/Users/T480/Desktop/Lab2' since last save.
WARNING: [filemgmt 56-2] Default IP Output Path : Could not find the directory 'D:/大學資料/大二/(資工)計算機組織概論/Hw/2/Lab2/Lab2.gen/sources_1', nor could it be found using path 'C:/Users/T480/Desktop/Lab2/Lab2.gen/sources_1'.
Scanning sources...
Finished scanning sources
INFO: [IP_Flow 19-234] Refreshing IP repositories
INFO: [IP_Flow 19-1704] No user IP repositories specified
INFO: [IP_Flow 19-2313] Loaded Vivado IP repository 'C:/Xilinx/Vivado/2020.2/data/ip'.
open_project: Time (s): cpu = 00:00:12 ; elapsed = 00:00:05 . Memory (MB): peak = 1019.543 ; gain = 0.000
update_compile_order -fileset sources_1
exit
INFO: [Common 17-206] Exiting Vivado at Fri May 21 02:21:47 2021...
