#-----------------------------------------------------------
# Vivado v2020.2 (64-bit)
# SW Build 3064766 on Wed Nov 18 09:12:45 MST 2020
# IP Build 3064653 on Wed Nov 18 14:17:31 MST 2020
# Start of session at: Sat Jun  5 18:55:29 2021
# Process ID: 12648
# Current directory: D:/大學資料/大二/(資工)計算機組織概論/Hw/3/Lab3
# Command line: vivado.exe -gui_launcher_event rodinguilauncherevent8048 D:\大學資料\大二\(資工)計算機組織概論\Hw\3\Lab3\Lab3.xpr
# Log file: D:/大學資料/大二/(資工)計算機組織概論/Hw/3/Lab3/vivado.log
# Journal file: D:/大學資料/大二/(資工)計算機組織概論/Hw/3/Lab3\vivado.jou
#-----------------------------------------------------------
start_gui
open_project D:/大學資料/大二/(資工)計算機組織概論/Hw/3/Lab3/Lab3.xpr
WARNING: [filemgmt 56-3] Default IP Output Path : Could not find the directory 'D:/大學資料/大二/(資工)計算機組織概論/Hw/3/Lab3/Lab3.gen/sources_1'.
Scanning sources...
Finished scanning sources
INFO: [IP_Flow 19-234] Refreshing IP repositories
INFO: [IP_Flow 19-1704] No user IP repositories specified
INFO: [IP_Flow 19-2313] Loaded Vivado IP repository 'C:/Xilinx/Vivado/2020.2/data/ip'.
open_project: Time (s): cpu = 00:00:13 ; elapsed = 00:00:05 . Memory (MB): peak = 1014.805 ; gain = 0.000
update_compile_order -fileset sources_1
exit
INFO: [Common 17-206] Exiting Vivado at Sat Jun  5 19:39:58 2021...
