INFO: [VRFC 10-2263] Analyzing Verilog file "C:/Users/T480/Desktop/Lab2/code/ALU.v" into library xil_defaultlib
INFO: [VRFC 10-311] analyzing module ALU
INFO: [VRFC 10-2263] Analyzing Verilog file "C:/Users/T480/Desktop/Lab2/code/ALU_Ctrl.v" into library xil_defaultlib
INFO: [VRFC 10-311] analyzing module ALU_Ctrl
INFO: [VRFC 10-2263] Analyzing Verilog file "C:/Users/T480/Desktop/Lab2/code/Adder.v" into library xil_defaultlib
INFO: [VRFC 10-311] analyzing module Adder
INFO: [VRFC 10-2263] Analyzing Verilog file "C:/Users/T480/Desktop/Lab2/code/Decoder.v" into library xil_defaultlib
INFO: [VRFC 10-311] analyzing module Decoder
INFO: [VRFC 10-2263] Analyzing Verilog file "C:/Users/T480/Desktop/Lab2/code/Instr_Memory.v" into library xil_defaultlib
INFO: [VRFC 10-311] analyzing module Instr_Memory
INFO: [VRFC 10-2263] Analyzing Verilog file "C:/Users/T480/Desktop/Lab2/code/MUX_2to1.v" into library xil_defaultlib
INFO: [VRFC 10-311] analyzing module MUX_2to1
INFO: [VRFC 10-2263] Analyzing Verilog file "C:/Users/T480/Desktop/Lab2/code/ProgramCounter.v" into library xil_defaultlib
INFO: [VRFC 10-311] analyzing module ProgramCounter
INFO: [VRFC 10-2263] Analyzing Verilog file "C:/Users/T480/Desktop/Lab2/code/Reg_File.v" into library xil_defaultlib
INFO: [VRFC 10-311] analyzing module Reg_File
INFO: [VRFC 10-2263] Analyzing Verilog file "C:/Users/T480/Desktop/Lab2/code/Shift_Left_Two_32.v" into library xil_defaultlib
INFO: [VRFC 10-311] analyzing module Shift_Left_Two_32
INFO: [VRFC 10-2263] Analyzing Verilog file "C:/Users/T480/Desktop/Lab2/code/Sign_Extend.v" into library xil_defaultlib
INFO: [VRFC 10-311] analyzing module Sign_Extend
INFO: [VRFC 10-2263] Analyzing Verilog file "C:/Users/T480/Desktop/Lab2/code/Simple_Single_CPU.v" into library xil_defaultlib
INFO: [VRFC 10-311] analyzing module Simple_Single_CPU
INFO: [VRFC 10-2263] Analyzing Verilog file "C:/Users/T480/Desktop/Lab2/code/add_32.v" into library xil_defaultlib
INFO: [VRFC 10-311] analyzing module add_32
INFO: [VRFC 10-2263] Analyzing Verilog file "C:/Users/T480/Desktop/Lab2/code/alu_4.v" into library xil_defaultlib
INFO: [VRFC 10-311] analyzing module alu_4
INFO: [VRFC 10-2263] Analyzing Verilog file "C:/Users/T480/Desktop/Lab2/code/alu_top.v" into library xil_defaultlib
INFO: [VRFC 10-311] analyzing module alu_top
INFO: [VRFC 10-2263] Analyzing Verilog file "C:/Users/T480/Desktop/Lab2/code/and_32.v" into library xil_defaultlib
INFO: [VRFC 10-311] analyzing module and_32
INFO: [VRFC 10-2263] Analyzing Verilog file "C:/Users/T480/Desktop/Lab2/code/nor_32.v" into library xil_defaultlib
INFO: [VRFC 10-311] analyzing module nor_32
INFO: [VRFC 10-2263] Analyzing Verilog file "C:/Users/T480/Desktop/Lab2/code/or_32.v" into library xil_defaultlib
INFO: [VRFC 10-311] analyzing module or_32
INFO: [VRFC 10-2263] Analyzing Verilog file "C:/Users/T480/Desktop/Lab2/code/slt_32.v" into library xil_defaultlib
INFO: [VRFC 10-311] analyzing module slt_32
INFO: [VRFC 10-2263] Analyzing Verilog file "C:/Users/T480/Desktop/Lab2/code/sub_32.v" into library xil_defaultlib
INFO: [VRFC 10-311] analyzing module sub_32
INFO: [VRFC 10-2263] Analyzing Verilog file "C:/Users/T480/Desktop/Lab2/code/Test_Bench.v" into library xil_defaultlib
INFO: [VRFC 10-311] analyzing module TestBench
