Vivado Simulator 2020.2
Copyright 1986-1999, 2001-2020 Xilinx, Inc. All Rights Reserved.
Running: C:/Xilinx/Vivado/2020.2/bin/unwrapped/win64.o/xelab.exe -wto fc06e7da130f45e4886ea075265f042f --incr --debug typical --relax --mt 2 -L xil_defaultlib -L unisims_ver -L unimacro_ver -L secureip --snapshot testbench_behav xil_defaultlib.testbench xil_defaultlib.glbl -log elaborate.log 
Using 2 slave threads.
Starting static elaboration
Pass Through NonSizing Optimizer
WARNING: [VRFC 10-3091] actual bit length 32 differs from formal bit length 1 for port 'less' [D:/大學資料/大二/(資工)計算機組織概論/Hw/3/Lab3/code/add_32.v:43]
WARNING: [VRFC 10-3091] actual bit length 32 differs from formal bit length 1 for port 'A_invert' [D:/大學資料/大二/(資工)計算機組織概論/Hw/3/Lab3/code/add_32.v:44]
WARNING: [VRFC 10-3091] actual bit length 32 differs from formal bit length 1 for port 'B_invert' [D:/大學資料/大二/(資工)計算機組織概論/Hw/3/Lab3/code/add_32.v:45]
WARNING: [VRFC 10-3091] actual bit length 32 differs from formal bit length 1 for port 'cin' [D:/大學資料/大二/(資工)計算機組織概論/Hw/3/Lab3/code/add_32.v:46]
WARNING: [VRFC 10-3091] actual bit length 32 differs from formal bit length 1 for port 'less' [D:/大學資料/大二/(資工)計算機組織概論/Hw/3/Lab3/code/add_32.v:56]
WARNING: [VRFC 10-3091] actual bit length 32 differs from formal bit length 1 for port 'A_invert' [D:/大學資料/大二/(資工)計算機組織概論/Hw/3/Lab3/code/add_32.v:57]
WARNING: [VRFC 10-3091] actual bit length 32 differs from formal bit length 1 for port 'B_invert' [D:/大學資料/大二/(資工)計算機組織概論/Hw/3/Lab3/code/add_32.v:58]
WARNING: [VRFC 10-3091] actual bit length 32 differs from formal bit length 1 for port 'less' [D:/大學資料/大二/(資工)計算機組織概論/Hw/3/Lab3/code/add_32.v:69]
WARNING: [VRFC 10-3091] actual bit length 32 differs from formal bit length 1 for port 'A_invert' [D:/大學資料/大二/(資工)計算機組織概論/Hw/3/Lab3/code/add_32.v:70]
WARNING: [VRFC 10-3091] actual bit length 32 differs from formal bit length 1 for port 'B_invert' [D:/大學資料/大二/(資工)計算機組織概論/Hw/3/Lab3/code/add_32.v:71]
WARNING: [VRFC 10-3091] actual bit length 32 differs from formal bit length 1 for port 'less' [D:/大學資料/大二/(資工)計算機組織概論/Hw/3/Lab3/code/add_32.v:82]
WARNING: [VRFC 10-3091] actual bit length 32 differs from formal bit length 1 for port 'A_invert' [D:/大學資料/大二/(資工)計算機組織概論/Hw/3/Lab3/code/add_32.v:83]
WARNING: [VRFC 10-3091] actual bit length 32 differs from formal bit length 1 for port 'B_invert' [D:/大學資料/大二/(資工)計算機組織概論/Hw/3/Lab3/code/add_32.v:84]
WARNING: [VRFC 10-3091] actual bit length 32 differs from formal bit length 1 for port 'less' [D:/大學資料/大二/(資工)計算機組織概論/Hw/3/Lab3/code/add_32.v:95]
WARNING: [VRFC 10-3091] actual bit length 32 differs from formal bit length 1 for port 'A_invert' [D:/大學資料/大二/(資工)計算機組織概論/Hw/3/Lab3/code/add_32.v:96]
WARNING: [VRFC 10-3091] actual bit length 32 differs from formal bit length 1 for port 'B_invert' [D:/大學資料/大二/(資工)計算機組織概論/Hw/3/Lab3/code/add_32.v:97]
WARNING: [VRFC 10-3091] actual bit length 32 differs from formal bit length 1 for port 'less' [D:/大學資料/大二/(資工)計算機組織概論/Hw/3/Lab3/code/add_32.v:108]
WARNING: [VRFC 10-3091] actual bit length 32 differs from formal bit length 1 for port 'A_invert' [D:/大學資料/大二/(資工)計算機組織概論/Hw/3/Lab3/code/add_32.v:109]
WARNING: [VRFC 10-3091] actual bit length 32 differs from formal bit length 1 for port 'B_invert' [D:/大學資料/大二/(資工)計算機組織概論/Hw/3/Lab3/code/add_32.v:110]
WARNING: [VRFC 10-3091] actual bit length 32 differs from formal bit length 1 for port 'less' [D:/大學資料/大二/(資工)計算機組織概論/Hw/3/Lab3/code/add_32.v:121]
WARNING: [VRFC 10-3091] actual bit length 32 differs from formal bit length 1 for port 'A_invert' [D:/大學資料/大二/(資工)計算機組織概論/Hw/3/Lab3/code/add_32.v:122]
WARNING: [VRFC 10-3091] actual bit length 32 differs from formal bit length 1 for port 'B_invert' [D:/大學資料/大二/(資工)計算機組織概論/Hw/3/Lab3/code/add_32.v:123]
WARNING: [VRFC 10-3091] actual bit length 32 differs from formal bit length 1 for port 'less' [D:/大學資料/大二/(資工)計算機組織概論/Hw/3/Lab3/code/add_32.v:134]
WARNING: [VRFC 10-3091] actual bit length 32 differs from formal bit length 1 for port 'A_invert' [D:/大學資料/大二/(資工)計算機組織概論/Hw/3/Lab3/code/add_32.v:135]
WARNING: [VRFC 10-3091] actual bit length 32 differs from formal bit length 1 for port 'B_invert' [D:/大學資料/大二/(資工)計算機組織概論/Hw/3/Lab3/code/add_32.v:136]
WARNING: [VRFC 10-3091] actual bit length 32 differs from formal bit length 1 for port 'cin' [D:/大學資料/大二/(資工)計算機組織概論/Hw/3/Lab3/code/and_32.v:49]
WARNING: [VRFC 10-3091] actual bit length 32 differs from formal bit length 1 for port 'cin' [D:/大學資料/大二/(資工)計算機組織概論/Hw/3/Lab3/code/and_32.v:61]
WARNING: [VRFC 10-3091] actual bit length 32 differs from formal bit length 1 for port 'cin' [D:/大學資料/大二/(資工)計算機組織概論/Hw/3/Lab3/code/and_32.v:73]
WARNING: [VRFC 10-3091] actual bit length 32 differs from formal bit length 1 for port 'cin' [D:/大學資料/大二/(資工)計算機組織概論/Hw/3/Lab3/code/and_32.v:85]
WARNING: [VRFC 10-3091] actual bit length 32 differs from formal bit length 1 for port 'cin' [D:/大學資料/大二/(資工)計算機組織概論/Hw/3/Lab3/code/and_32.v:97]
WARNING: [VRFC 10-3091] actual bit length 32 differs from formal bit length 1 for port 'cin' [D:/大學資料/大二/(資工)計算機組織概論/Hw/3/Lab3/code/and_32.v:109]
WARNING: [VRFC 10-3091] actual bit length 32 differs from formal bit length 1 for port 'cin' [D:/大學資料/大二/(資工)計算機組織概論/Hw/3/Lab3/code/and_32.v:121]
WARNING: [VRFC 10-3091] actual bit length 32 differs from formal bit length 1 for port 'A_invert' [D:/大學資料/大二/(資工)計算機組織概論/Hw/3/Lab3/code/and_32.v:131]
WARNING: [VRFC 10-3091] actual bit length 32 differs from formal bit length 1 for port 'cin' [D:/大學資料/大二/(資工)計算機組織概論/Hw/3/Lab3/code/and_32.v:133]
WARNING: [VRFC 10-3091] actual bit length 32 differs from formal bit length 1 for port 'less' [D:/大學資料/大二/(資工)計算機組織概論/Hw/3/Lab3/code/or_32.v:44]
WARNING: [VRFC 10-3091] actual bit length 32 differs from formal bit length 1 for port 'A_invert' [D:/大學資料/大二/(資工)計算機組織概論/Hw/3/Lab3/code/or_32.v:45]
WARNING: [VRFC 10-3091] actual bit length 32 differs from formal bit length 1 for port 'B_invert' [D:/大學資料/大二/(資工)計算機組織概論/Hw/3/Lab3/code/or_32.v:46]
WARNING: [VRFC 10-3091] actual bit length 32 differs from formal bit length 1 for port 'cin' [D:/大學資料/大二/(資工)計算機組織概論/Hw/3/Lab3/code/or_32.v:47]
WARNING: [VRFC 10-3091] actual bit length 32 differs from formal bit length 1 for port 'less' [D:/大學資料/大二/(資工)計算機組織概論/Hw/3/Lab3/code/or_32.v:56]
WARNING: [VRFC 10-3091] actual bit length 32 differs from formal bit length 1 for port 'A_invert' [D:/大學資料/大二/(資工)計算機組織概論/Hw/3/Lab3/code/or_32.v:57]
WARNING: [VRFC 10-3091] actual bit length 32 differs from formal bit length 1 for port 'B_invert' [D:/大學資料/大二/(資工)計算機組織概論/Hw/3/Lab3/code/or_32.v:58]
WARNING: [VRFC 10-3091] actual bit length 32 differs from formal bit length 1 for port 'cin' [D:/大學資料/大二/(資工)計算機組織概論/Hw/3/Lab3/code/or_32.v:59]
WARNING: [VRFC 10-3091] actual bit length 32 differs from formal bit length 1 for port 'less' [D:/大學資料/大二/(資工)計算機組織概論/Hw/3/Lab3/code/or_32.v:68]
WARNING: [VRFC 10-3091] actual bit length 32 differs from formal bit length 1 for port 'A_invert' [D:/大學資料/大二/(資工)計算機組織概論/Hw/3/Lab3/code/or_32.v:69]
WARNING: [VRFC 10-3091] actual bit length 32 differs from formal bit length 1 for port 'B_invert' [D:/大學資料/大二/(資工)計算機組織概論/Hw/3/Lab3/code/or_32.v:70]
WARNING: [VRFC 10-3091] actual bit length 32 differs from formal bit length 1 for port 'cin' [D:/大學資料/大二/(資工)計算機組織概論/Hw/3/Lab3/code/or_32.v:71]
WARNING: [VRFC 10-3091] actual bit length 32 differs from formal bit length 1 for port 'less' [D:/大學資料/大二/(資工)計算機組織概論/Hw/3/Lab3/code/or_32.v:80]
WARNING: [VRFC 10-3091] actual bit length 32 differs from formal bit length 1 for port 'A_invert' [D:/大學資料/大二/(資工)計算機組織概論/Hw/3/Lab3/code/or_32.v:81]
WARNING: [VRFC 10-3091] actual bit length 32 differs from formal bit length 1 for port 'B_invert' [D:/大學資料/大二/(資工)計算機組織概論/Hw/3/Lab3/code/or_32.v:82]
WARNING: [VRFC 10-3091] actual bit length 32 differs from formal bit length 1 for port 'cin' [D:/大學資料/大二/(資工)計算機組織概論/Hw/3/Lab3/code/or_32.v:83]
WARNING: [VRFC 10-3091] actual bit length 32 differs from formal bit length 1 for port 'less' [D:/大學資料/大二/(資工)計算機組織概論/Hw/3/Lab3/code/or_32.v:92]
WARNING: [VRFC 10-3091] actual bit length 32 differs from formal bit length 1 for port 'A_invert' [D:/大學資料/大二/(資工)計算機組織概論/Hw/3/Lab3/code/or_32.v:93]
WARNING: [VRFC 10-3091] actual bit length 32 differs from formal bit length 1 for port 'B_invert' [D:/大學資料/大二/(資工)計算機組織概論/Hw/3/Lab3/code/or_32.v:94]
WARNING: [VRFC 10-3091] actual bit length 32 differs from formal bit length 1 for port 'cin' [D:/大學資料/大二/(資工)計算機組織概論/Hw/3/Lab3/code/or_32.v:95]
WARNING: [VRFC 10-3091] actual bit length 32 differs from formal bit length 1 for port 'less' [D:/大學資料/大二/(資工)計算機組織概論/Hw/3/Lab3/code/or_32.v:104]
WARNING: [VRFC 10-3091] actual bit length 32 differs from formal bit length 1 for port 'A_invert' [D:/大學資料/大二/(資工)計算機組織概論/Hw/3/Lab3/code/or_32.v:105]
WARNING: [VRFC 10-3091] actual bit length 32 differs from formal bit length 1 for port 'B_invert' [D:/大學資料/大二/(資工)計算機組織概論/Hw/3/Lab3/code/or_32.v:106]
WARNING: [VRFC 10-3091] actual bit length 32 differs from formal bit length 1 for port 'cin' [D:/大學資料/大二/(資工)計算機組織概論/Hw/3/Lab3/code/or_32.v:107]
WARNING: [VRFC 10-3091] actual bit length 32 differs from formal bit length 1 for port 'less' [D:/大學資料/大二/(資工)計算機組織概論/Hw/3/Lab3/code/or_32.v:116]
WARNING: [VRFC 10-3091] actual bit length 32 differs from formal bit length 1 for port 'A_invert' [D:/大學資料/大二/(資工)計算機組織概論/Hw/3/Lab3/code/or_32.v:117]
WARNING: [VRFC 10-3091] actual bit length 32 differs from formal bit length 1 for port 'B_invert' [D:/大學資料/大二/(資工)計算機組織概論/Hw/3/Lab3/code/or_32.v:118]
WARNING: [VRFC 10-3091] actual bit length 32 differs from formal bit length 1 for port 'cin' [D:/大學資料/大二/(資工)計算機組織概論/Hw/3/Lab3/code/or_32.v:119]
WARNING: [VRFC 10-3091] actual bit length 32 differs from formal bit length 1 for port 'less' [D:/大學資料/大二/(資工)計算機組織概論/Hw/3/Lab3/code/or_32.v:128]
WARNING: [VRFC 10-3091] actual bit length 32 differs from formal bit length 1 for port 'A_invert' [D:/大學資料/大二/(資工)計算機組織概論/Hw/3/Lab3/code/or_32.v:129]
WARNING: [VRFC 10-3091] actual bit length 32 differs from formal bit length 1 for port 'B_invert' [D:/大學資料/大二/(資工)計算機組織概論/Hw/3/Lab3/code/or_32.v:130]
WARNING: [VRFC 10-3091] actual bit length 32 differs from formal bit length 1 for port 'cin' [D:/大學資料/大二/(資工)計算機組織概論/Hw/3/Lab3/code/or_32.v:131]
WARNING: [VRFC 10-3091] actual bit length 32 differs from formal bit length 1 for port 'less' [D:/大學資料/大二/(資工)計算機組織概論/Hw/3/Lab3/code/sub_32.v:43]
WARNING: [VRFC 10-3091] actual bit length 32 differs from formal bit length 1 for port 'A_invert' [D:/大學資料/大二/(資工)計算機組織概論/Hw/3/Lab3/code/sub_32.v:44]
WARNING: [VRFC 10-3091] actual bit length 32 differs from formal bit length 1 for port 'B_invert' [D:/大學資料/大二/(資工)計算機組織概論/Hw/3/Lab3/code/sub_32.v:45]
WARNING: [VRFC 10-3091] actual bit length 32 differs from formal bit length 1 for port 'cin' [D:/大學資料/大二/(資工)計算機組織概論/Hw/3/Lab3/code/sub_32.v:46]
WARNING: [VRFC 10-3091] actual bit length 32 differs from formal bit length 1 for port 'less' [D:/大學資料/大二/(資工)計算機組織概論/Hw/3/Lab3/code/sub_32.v:55]
WARNING: [VRFC 10-3091] actual bit length 32 differs from formal bit length 1 for port 'A_invert' [D:/大學資料/大二/(資工)計算機組織概論/Hw/3/Lab3/code/sub_32.v:56]
WARNING: [VRFC 10-3091] actual bit length 32 differs from formal bit length 1 for port 'B_invert' [D:/大學資料/大二/(資工)計算機組織概論/Hw/3/Lab3/code/sub_32.v:57]
WARNING: [VRFC 10-3091] actual bit length 32 differs from formal bit length 1 for port 'less' [D:/大學資料/大二/(資工)計算機組織概論/Hw/3/Lab3/code/sub_32.v:67]
WARNING: [VRFC 10-3091] actual bit length 32 differs from formal bit length 1 for port 'A_invert' [D:/大學資料/大二/(資工)計算機組織概論/Hw/3/Lab3/code/sub_32.v:68]
WARNING: [VRFC 10-3091] actual bit length 32 differs from formal bit length 1 for port 'B_invert' [D:/大學資料/大二/(資工)計算機組織概論/Hw/3/Lab3/code/sub_32.v:69]
WARNING: [VRFC 10-3091] actual bit length 32 differs from formal bit length 1 for port 'less' [D:/大學資料/大二/(資工)計算機組織概論/Hw/3/Lab3/code/sub_32.v:79]
WARNING: [VRFC 10-3091] actual bit length 32 differs from formal bit length 1 for port 'A_invert' [D:/大學資料/大二/(資工)計算機組織概論/Hw/3/Lab3/code/sub_32.v:80]
WARNING: [VRFC 10-3091] actual bit length 32 differs from formal bit length 1 for port 'B_invert' [D:/大學資料/大二/(資工)計算機組織概論/Hw/3/Lab3/code/sub_32.v:81]
WARNING: [VRFC 10-3091] actual bit length 32 differs from formal bit length 1 for port 'less' [D:/大學資料/大二/(資工)計算機組織概論/Hw/3/Lab3/code/sub_32.v:91]
WARNING: [VRFC 10-3091] actual bit length 32 differs from formal bit length 1 for port 'A_invert' [D:/大學資料/大二/(資工)計算機組織概論/Hw/3/Lab3/code/sub_32.v:92]
WARNING: [VRFC 10-3091] actual bit length 32 differs from formal bit length 1 for port 'B_invert' [D:/大學資料/大二/(資工)計算機組織概論/Hw/3/Lab3/code/sub_32.v:93]
WARNING: [VRFC 10-3091] actual bit length 32 differs from formal bit length 1 for port 'less' [D:/大學資料/大二/(資工)計算機組織概論/Hw/3/Lab3/code/sub_32.v:103]
WARNING: [VRFC 10-3091] actual bit length 32 differs from formal bit length 1 for port 'A_invert' [D:/大學資料/大二/(資工)計算機組織概論/Hw/3/Lab3/code/sub_32.v:104]
WARNING: [VRFC 10-3091] actual bit length 32 differs from formal bit length 1 for port 'B_invert' [D:/大學資料/大二/(資工)計算機組織概論/Hw/3/Lab3/code/sub_32.v:105]
WARNING: [VRFC 10-3091] actual bit length 32 differs from formal bit length 1 for port 'less' [D:/大學資料/大二/(資工)計算機組織概論/Hw/3/Lab3/code/sub_32.v:115]
WARNING: [VRFC 10-3091] actual bit length 32 differs from formal bit length 1 for port 'A_invert' [D:/大學資料/大二/(資工)計算機組織概論/Hw/3/Lab3/code/sub_32.v:116]
WARNING: [VRFC 10-3091] actual bit length 32 differs from formal bit length 1 for port 'B_invert' [D:/大學資料/大二/(資工)計算機組織概論/Hw/3/Lab3/code/sub_32.v:117]
WARNING: [VRFC 10-3091] actual bit length 32 differs from formal bit length 1 for port 'less' [D:/大學資料/大二/(資工)計算機組織概論/Hw/3/Lab3/code/sub_32.v:127]
WARNING: [VRFC 10-3091] actual bit length 32 differs from formal bit length 1 for port 'A_invert' [D:/大學資料/大二/(資工)計算機組織概論/Hw/3/Lab3/code/sub_32.v:128]
WARNING: [VRFC 10-3091] actual bit length 32 differs from formal bit length 1 for port 'B_invert' [D:/大學資料/大二/(資工)計算機組織概論/Hw/3/Lab3/code/sub_32.v:129]
WARNING: [VRFC 10-3091] actual bit length 32 differs from formal bit length 1 for port 'less' [D:/大學資料/大二/(資工)計算機組織概論/Hw/3/Lab3/code/nor_32.v:45]
WARNING: [VRFC 10-3091] actual bit length 32 differs from formal bit length 1 for port 'A_invert' [D:/大學資料/大二/(資工)計算機組織概論/Hw/3/Lab3/code/nor_32.v:46]
WARNING: [VRFC 10-3091] actual bit length 32 differs from formal bit length 1 for port 'B_invert' [D:/大學資料/大二/(資工)計算機組織概論/Hw/3/Lab3/code/nor_32.v:47]
WARNING: [VRFC 10-3091] actual bit length 32 differs from formal bit length 1 for port 'cin' [D:/大學資料/大二/(資工)計算機組織概論/Hw/3/Lab3/code/nor_32.v:48]
WARNING: [VRFC 10-3091] actual bit length 32 differs from formal bit length 2 for port 'operation' [D:/大學資料/大二/(資工)計算機組織概論/Hw/3/Lab3/code/nor_32.v:49]
WARNING: [VRFC 10-3091] actual bit length 32 differs from formal bit length 1 for port 'less' [D:/大學資料/大二/(資工)計算機組織概論/Hw/3/Lab3/code/nor_32.v:57]
WARNING: [VRFC 10-3091] actual bit length 32 differs from formal bit length 1 for port 'A_invert' [D:/大學資料/大二/(資工)計算機組織概論/Hw/3/Lab3/code/nor_32.v:58]
WARNING: [VRFC 10-3091] actual bit length 32 differs from formal bit length 1 for port 'B_invert' [D:/大學資料/大二/(資工)計算機組織概論/Hw/3/Lab3/code/nor_32.v:59]
WARNING: [VRFC 10-3091] actual bit length 32 differs from formal bit length 1 for port 'cin' [D:/大學資料/大二/(資工)計算機組織概論/Hw/3/Lab3/code/nor_32.v:60]
WARNING: [VRFC 10-3091] actual bit length 32 differs from formal bit length 2 for port 'operation' [D:/大學資料/大二/(資工)計算機組織概論/Hw/3/Lab3/code/nor_32.v:61]
WARNING: [VRFC 10-3091] actual bit length 32 differs from formal bit length 1 for port 'less' [D:/大學資料/大二/(資工)計算機組織概論/Hw/3/Lab3/code/nor_32.v:69]
WARNING: [VRFC 10-3091] actual bit length 32 differs from formal bit length 1 for port 'A_invert' [D:/大學資料/大二/(資工)計算機組織概論/Hw/3/Lab3/code/nor_32.v:70]
WARNING: [VRFC 10-3091] actual bit length 32 differs from formal bit length 1 for port 'B_invert' [D:/大學資料/大二/(資工)計算機組織概論/Hw/3/Lab3/code/nor_32.v:71]
WARNING: [VRFC 10-3091] actual bit length 32 differs from formal bit length 1 for port 'cin' [D:/大學資料/大二/(資工)計算機組織概論/Hw/3/Lab3/code/nor_32.v:72]
WARNING: [VRFC 10-3091] actual bit length 32 differs from formal bit length 2 for port 'operation' [D:/大學資料/大二/(資工)計算機組織概論/Hw/3/Lab3/code/nor_32.v:73]
WARNING: [VRFC 10-3091] actual bit length 32 differs from formal bit length 1 for port 'less' [D:/大學資料/大二/(資工)計算機組織概論/Hw/3/Lab3/code/nor_32.v:81]
WARNING: [VRFC 10-3091] actual bit length 32 differs from formal bit length 1 for port 'A_invert' [D:/大學資料/大二/(資工)計算機組織概論/Hw/3/Lab3/code/nor_32.v:82]
WARNING: [VRFC 10-3091] actual bit length 32 differs from formal bit length 1 for port 'B_invert' [D:/大學資料/大二/(資工)計算機組織概論/Hw/3/Lab3/code/nor_32.v:83]
WARNING: [VRFC 10-3091] actual bit length 32 differs from formal bit length 1 for port 'cin' [D:/大學資料/大二/(資工)計算機組織概論/Hw/3/Lab3/code/nor_32.v:84]
WARNING: [VRFC 10-3091] actual bit length 32 differs from formal bit length 2 for port 'operation' [D:/大學資料/大二/(資工)計算機組織概論/Hw/3/Lab3/code/nor_32.v:85]
WARNING: [VRFC 10-3091] actual bit length 32 differs from formal bit length 1 for port 'less' [D:/大學資料/大二/(資工)計算機組織概論/Hw/3/Lab3/code/nor_32.v:93]
WARNING: [VRFC 10-3091] actual bit length 32 differs from formal bit length 1 for port 'A_invert' [D:/大學資料/大二/(資工)計算機組織概論/Hw/3/Lab3/code/nor_32.v:94]
WARNING: [VRFC 10-3091] actual bit length 32 differs from formal bit length 1 for port 'B_invert' [D:/大學資料/大二/(資工)計算機組織概論/Hw/3/Lab3/code/nor_32.v:95]
WARNING: [VRFC 10-3091] actual bit length 32 differs from formal bit length 1 for port 'cin' [D:/大學資料/大二/(資工)計算機組織概論/Hw/3/Lab3/code/nor_32.v:96]
WARNING: [VRFC 10-3091] actual bit length 32 differs from formal bit length 2 for port 'operation' [D:/大學資料/大二/(資工)計算機組織概論/Hw/3/Lab3/code/nor_32.v:97]
WARNING: [VRFC 10-3091] actual bit length 32 differs from formal bit length 1 for port 'less' [D:/大學資料/大二/(資工)計算機組織概論/Hw/3/Lab3/code/nor_32.v:105]
WARNING: [VRFC 10-3091] actual bit length 32 differs from formal bit length 1 for port 'A_invert' [D:/大學資料/大二/(資工)計算機組織概論/Hw/3/Lab3/code/nor_32.v:106]
WARNING: [VRFC 10-3091] actual bit length 32 differs from formal bit length 1 for port 'B_invert' [D:/大學資料/大二/(資工)計算機組織概論/Hw/3/Lab3/code/nor_32.v:107]
WARNING: [VRFC 10-3091] actual bit length 32 differs from formal bit length 1 for port 'cin' [D:/大學資料/大二/(資工)計算機組織概論/Hw/3/Lab3/code/nor_32.v:108]
WARNING: [VRFC 10-3091] actual bit length 32 differs from formal bit length 2 for port 'operation' [D:/大學資料/大二/(資工)計算機組織概論/Hw/3/Lab3/code/nor_32.v:109]
WARNING: [VRFC 10-3091] actual bit length 32 differs from formal bit length 1 for port 'less' [D:/大學資料/大二/(資工)計算機組織概論/Hw/3/Lab3/code/nor_32.v:116]
WARNING: [VRFC 10-3091] actual bit length 32 differs from formal bit length 1 for port 'A_invert' [D:/大學資料/大二/(資工)計算機組織概論/Hw/3/Lab3/code/nor_32.v:117]
WARNING: [VRFC 10-3091] actual bit length 32 differs from formal bit length 1 for port 'B_invert' [D:/大學資料/大二/(資工)計算機組織概論/Hw/3/Lab3/code/nor_32.v:118]
WARNING: [VRFC 10-3091] actual bit length 32 differs from formal bit length 1 for port 'cin' [D:/大學資料/大二/(資工)計算機組織概論/Hw/3/Lab3/code/nor_32.v:119]
WARNING: [VRFC 10-3091] actual bit length 32 differs from formal bit length 2 for port 'operation' [D:/大學資料/大二/(資工)計算機組織概論/Hw/3/Lab3/code/nor_32.v:120]
WARNING: [VRFC 10-3091] actual bit length 32 differs from formal bit length 1 for port 'less' [D:/大學資料/大二/(資工)計算機組織概論/Hw/3/Lab3/code/nor_32.v:127]
WARNING: [VRFC 10-3091] actual bit length 32 differs from formal bit length 1 for port 'A_invert' [D:/大學資料/大二/(資工)計算機組織概論/Hw/3/Lab3/code/nor_32.v:128]
WARNING: [VRFC 10-3091] actual bit length 32 differs from formal bit length 1 for port 'B_invert' [D:/大學資料/大二/(資工)計算機組織概論/Hw/3/Lab3/code/nor_32.v:129]
WARNING: [VRFC 10-3091] actual bit length 32 differs from formal bit length 1 for port 'cin' [D:/大學資料/大二/(資工)計算機組織概論/Hw/3/Lab3/code/nor_32.v:130]
WARNING: [VRFC 10-3091] actual bit length 32 differs from formal bit length 2 for port 'operation' [D:/大學資料/大二/(資工)計算機組織概論/Hw/3/Lab3/code/nor_32.v:131]
WARNING: [VRFC 10-3091] actual bit length 32 differs from formal bit length 1 for port 'A_invert' [D:/大學資料/大二/(資工)計算機組織概論/Hw/3/Lab3/code/slt_32.v:46]
WARNING: [VRFC 10-3091] actual bit length 32 differs from formal bit length 1 for port 'B_invert' [D:/大學資料/大二/(資工)計算機組織概論/Hw/3/Lab3/code/slt_32.v:47]
WARNING: [VRFC 10-3091] actual bit length 32 differs from formal bit length 1 for port 'cin' [D:/大學資料/大二/(資工)計算機組織概論/Hw/3/Lab3/code/slt_32.v:48]
WARNING: [VRFC 10-3091] actual bit length 32 differs from formal bit length 1 for port 'less' [D:/大學資料/大二/(資工)計算機組織概論/Hw/3/Lab3/code/slt_32.v:57]
WARNING: [VRFC 10-3091] actual bit length 32 differs from formal bit length 1 for port 'A_invert' [D:/大學資料/大二/(資工)計算機組織概論/Hw/3/Lab3/code/slt_32.v:58]
WARNING: [VRFC 10-3091] actual bit length 32 differs from formal bit length 1 for port 'B_invert' [D:/大學資料/大二/(資工)計算機組織概論/Hw/3/Lab3/code/slt_32.v:59]
WARNING: [VRFC 10-3091] actual bit length 32 differs from formal bit length 1 for port 'less' [D:/大學資料/大二/(資工)計算機組織概論/Hw/3/Lab3/code/slt_32.v:69]
WARNING: [VRFC 10-3091] actual bit length 32 differs from formal bit length 1 for port 'A_invert' [D:/大學資料/大二/(資工)計算機組織概論/Hw/3/Lab3/code/slt_32.v:70]
WARNING: [VRFC 10-3091] actual bit length 32 differs from formal bit length 1 for port 'B_invert' [D:/大學資料/大二/(資工)計算機組織概論/Hw/3/Lab3/code/slt_32.v:71]
WARNING: [VRFC 10-3091] actual bit length 32 differs from formal bit length 1 for port 'less' [D:/大學資料/大二/(資工)計算機組織概論/Hw/3/Lab3/code/slt_32.v:81]
WARNING: [VRFC 10-3091] actual bit length 32 differs from formal bit length 1 for port 'A_invert' [D:/大學資料/大二/(資工)計算機組織概論/Hw/3/Lab3/code/slt_32.v:82]
WARNING: [VRFC 10-3091] actual bit length 32 differs from formal bit length 1 for port 'B_invert' [D:/大學資料/大二/(資工)計算機組織概論/Hw/3/Lab3/code/slt_32.v:83]
WARNING: [VRFC 10-3091] actual bit length 32 differs from formal bit length 1 for port 'less' [D:/大學資料/大二/(資工)計算機組織概論/Hw/3/Lab3/code/slt_32.v:93]
WARNING: [VRFC 10-3091] actual bit length 32 differs from formal bit length 1 for port 'A_invert' [D:/大學資料/大二/(資工)計算機組織概論/Hw/3/Lab3/code/slt_32.v:94]
WARNING: [VRFC 10-3091] actual bit length 32 differs from formal bit length 1 for port 'B_invert' [D:/大學資料/大二/(資工)計算機組織概論/Hw/3/Lab3/code/slt_32.v:95]
WARNING: [VRFC 10-3091] actual bit length 32 differs from formal bit length 1 for port 'less' [D:/大學資料/大二/(資工)計算機組織概論/Hw/3/Lab3/code/slt_32.v:105]
WARNING: [VRFC 10-3091] actual bit length 32 differs from formal bit length 1 for port 'A_invert' [D:/大學資料/大二/(資工)計算機組織概論/Hw/3/Lab3/code/slt_32.v:106]
WARNING: [VRFC 10-3091] actual bit length 32 differs from formal bit length 1 for port 'B_invert' [D:/大學資料/大二/(資工)計算機組織概論/Hw/3/Lab3/code/slt_32.v:107]
WARNING: [VRFC 10-3091] actual bit length 32 differs from formal bit length 1 for port 'less' [D:/大學資料/大二/(資工)計算機組織概論/Hw/3/Lab3/code/slt_32.v:117]
WARNING: [VRFC 10-3091] actual bit length 32 differs from formal bit length 1 for port 'A_invert' [D:/大學資料/大二/(資工)計算機組織概論/Hw/3/Lab3/code/slt_32.v:118]
WARNING: [VRFC 10-3091] actual bit length 32 differs from formal bit length 1 for port 'B_invert' [D:/大學資料/大二/(資工)計算機組織概論/Hw/3/Lab3/code/slt_32.v:119]
WARNING: [VRFC 10-3091] actual bit length 32 differs from formal bit length 1 for port 'less' [D:/大學資料/大二/(資工)計算機組織概論/Hw/3/Lab3/code/slt_32.v:129]
WARNING: [VRFC 10-3091] actual bit length 32 differs from formal bit length 1 for port 'A_invert' [D:/大學資料/大二/(資工)計算機組織概論/Hw/3/Lab3/code/slt_32.v:130]
WARNING: [VRFC 10-3091] actual bit length 32 differs from formal bit length 1 for port 'B_invert' [D:/大學資料/大二/(資工)計算機組織概論/Hw/3/Lab3/code/slt_32.v:131]
WARNING: [VRFC 10-3091] actual bit length 32 differs from formal bit length 1 for port 'less' [D:/大學資料/大二/(資工)計算機組織概論/Hw/3/Lab3/code/alu_4.v:62]
WARNING: [VRFC 10-3091] actual bit length 32 differs from formal bit length 1 for port 'less' [D:/大學資料/大二/(資工)計算機組織概論/Hw/3/Lab3/code/alu_4.v:75]
WARNING: [VRFC 10-3091] actual bit length 32 differs from formal bit length 1 for port 'less' [D:/大學資料/大二/(資工)計算機組織概論/Hw/3/Lab3/code/alu_4.v:88]
Completed static elaboration
Starting simulation data flow analysis
Completed simulation data flow analysis
Time Resolution for simulation is 1ps
Compiling module xil_defaultlib.ProgramCounter
Compiling module xil_defaultlib.alu_top
Compiling module xil_defaultlib.alu_4
Compiling module xil_defaultlib.add_32
Compiling module xil_defaultlib.Adder
Compiling module xil_defaultlib.Instr_Memory
Compiling module xil_defaultlib.MUX_2to1(size=5)
Compiling module xil_defaultlib.MUX_2to1(size=32)
Compiling module xil_defaultlib.Reg_File
Compiling module xil_defaultlib.Decoder
Compiling module xil_defaultlib.ALU_Ctrl
Compiling module xil_defaultlib.Sign_Extend
Compiling module xil_defaultlib.and_32
Compiling module xil_defaultlib.or_32
Compiling module xil_defaultlib.sub_32
Compiling module xil_defaultlib.nor_32
Compiling module xil_defaultlib.slt_32
Compiling module xil_defaultlib.ALU
Compiling module xil_defaultlib.Shift_Left_Two_32
Compiling module xil_defaultlib.Data_Memory
Compiling module xil_defaultlib.Simple_Single_CPU
Compiling module xil_defaultlib.testbench
Compiling module xil_defaultlib.glbl
Built simulation snapshot testbench_behav
